mode: atomic
github.com/takattila/settings-manager/cast.go:16.57,17.50 1 4
github.com/takattila/settings-manager/cast.go:20.2,20.29 1 3
github.com/takattila/settings-manager/cast.go:17.50,19.3 1 1
github.com/takattila/settings-manager/cast.go:24.54,25.68 1 2
github.com/takattila/settings-manager/cast.go:28.2,28.33 1 1
github.com/takattila/settings-manager/cast.go:25.68,27.3 1 1
github.com/takattila/settings-manager/cast.go:32.60,33.74 1 2
github.com/takattila/settings-manager/cast.go:36.2,36.36 1 1
github.com/takattila/settings-manager/cast.go:33.74,35.3 1 1
github.com/takattila/settings-manager/cast.go:40.52,41.66 1 2
github.com/takattila/settings-manager/cast.go:44.2,44.32 1 1
github.com/takattila/settings-manager/cast.go:41.66,43.3 1 1
github.com/takattila/settings-manager/cast.go:48.59,49.45 1 3
github.com/takattila/settings-manager/cast.go:52.2,52.37 1 1
github.com/takattila/settings-manager/cast.go:49.45,51.3 1 2
github.com/takattila/settings-manager/cast.go:56.58,57.72 1 2
github.com/takattila/settings-manager/cast.go:60.2,60.35 1 1
github.com/takattila/settings-manager/cast.go:57.72,59.3 1 1
github.com/takattila/settings-manager/cast.go:64.77,65.72 1 2
github.com/takattila/settings-manager/cast.go:68.2,68.38 1 1
github.com/takattila/settings-manager/cast.go:65.72,67.3 1 1
github.com/takattila/settings-manager/cast.go:72.78,73.78 1 2
github.com/takattila/settings-manager/cast.go:76.2,76.44 1 1
github.com/takattila/settings-manager/cast.go:73.78,75.3 1 1
github.com/takattila/settings-manager/cast.go:80.65,81.76 1 2
github.com/takattila/settings-manager/cast.go:84.2,84.40 1 1
github.com/takattila/settings-manager/cast.go:81.76,83.3 1 1
github.com/takattila/settings-manager/cast.go:88.59,89.67 1 2
github.com/takattila/settings-manager/cast.go:92.2,92.33 1 1
github.com/takattila/settings-manager/cast.go:89.67,91.3 1 1
github.com/takattila/settings-manager/cast.go:96.67,97.71 1 2
github.com/takattila/settings-manager/cast.go:100.2,100.37 1 1
github.com/takattila/settings-manager/cast.go:97.71,99.3 1 1
github.com/takattila/settings-manager/cast.go:105.52,106.20 1 3
github.com/takattila/settings-manager/cast.go:109.2,109.31 1 2
github.com/takattila/settings-manager/cast.go:106.20,108.3 1 1
github.com/takattila/settings-manager/helpers.go:16.56,17.31 1 43
github.com/takattila/settings-manager/helpers.go:34.2,34.10 1 27
github.com/takattila/settings-manager/helpers.go:17.31,18.62 1 5
github.com/takattila/settings-manager/helpers.go:18.62,19.45 1 5
github.com/takattila/settings-manager/helpers.go:19.45,21.5 1 1
github.com/takattila/settings-manager/helpers.go:23.8,25.17 2 38
github.com/takattila/settings-manager/helpers.go:28.3,30.17 3 37
github.com/takattila/settings-manager/helpers.go:25.17,27.4 1 1
github.com/takattila/settings-manager/helpers.go:30.17,32.4 1 14
github.com/takattila/settings-manager/helpers.go:37.64,38.20 1 27
github.com/takattila/settings-manager/helpers.go:43.2,43.10 1 15
github.com/takattila/settings-manager/helpers.go:38.20,40.3 1 11
github.com/takattila/settings-manager/helpers.go:40.8,40.31 1 16
github.com/takattila/settings-manager/helpers.go:40.31,42.3 1 1
github.com/takattila/settings-manager/helpers.go:46.81,47.52 1 13
github.com/takattila/settings-manager/helpers.go:54.2,54.10 1 11
github.com/takattila/settings-manager/helpers.go:47.52,53.3 1 2
github.com/takattila/settings-manager/helpers.go:57.80,58.59 1 26
github.com/takattila/settings-manager/helpers.go:65.2,65.10 1 14
github.com/takattila/settings-manager/helpers.go:58.59,60.3 1 11
github.com/takattila/settings-manager/helpers.go:60.8,60.26 1 15
github.com/takattila/settings-manager/helpers.go:60.26,61.67 1 12
github.com/takattila/settings-manager/helpers.go:61.67,63.4 1 1
github.com/takattila/settings-manager/helpers.go:68.52,71.68 2 3
github.com/takattila/settings-manager/helpers.go:75.2,77.34 2 2
github.com/takattila/settings-manager/helpers.go:92.2,92.12 1 1
github.com/takattila/settings-manager/helpers.go:71.68,73.3 1 1
github.com/takattila/settings-manager/helpers.go:78.21,81.33 2 2
github.com/takattila/settings-manager/helpers.go:81.33,83.11 2 7
github.com/takattila/settings-manager/helpers.go:83.11,89.5 1 1
github.com/takattila/settings-manager/helpers.go:95.59,96.78 1 5
github.com/takattila/settings-manager/helpers.go:102.2,102.8 1 5
github.com/takattila/settings-manager/helpers.go:96.78,97.25 1 10
github.com/takattila/settings-manager/helpers.go:100.3,100.13 1 10
github.com/takattila/settings-manager/helpers.go:97.25,99.4 1 5
github.com/takattila/settings-manager/helpers.go:105.50,107.61 2 3
github.com/takattila/settings-manager/helpers.go:110.2,110.61 1 2
github.com/takattila/settings-manager/helpers.go:113.2,113.22 1 1
github.com/takattila/settings-manager/helpers.go:107.61,109.3 1 1
github.com/takattila/settings-manager/helpers.go:110.61,112.3 1 1
github.com/takattila/settings-manager/helpers.go:116.53,118.2 1 37
github.com/takattila/settings-manager/helpers.go:120.36,122.16 2 56
github.com/takattila/settings-manager/helpers.go:125.2,126.18 2 55
github.com/takattila/settings-manager/helpers.go:129.2,129.14 1 44
github.com/takattila/settings-manager/helpers.go:122.16,124.3 1 1
github.com/takattila/settings-manager/helpers.go:126.18,128.3 1 11
github.com/takattila/settings-manager/settings.go:20.41,24.2 3 33
github.com/takattila/settings-manager/settings.go:27.46,31.26 4 3
github.com/takattila/settings-manager/settings.go:34.2,36.10 3 2
github.com/takattila/settings-manager/settings.go:31.26,33.3 1 1
github.com/takattila/settings-manager/settings.go:40.57,42.2 1 1
github.com/takattila/settings-manager/settings.go:46.51,47.20 1 2
github.com/takattila/settings-manager/settings.go:50.2,50.30 1 1
github.com/takattila/settings-manager/settings.go:47.20,49.3 1 1
github.com/takattila/settings-manager/settings.go:54.69,55.20 1 3
github.com/takattila/settings-manager/settings.go:58.2,58.34 1 2
github.com/takattila/settings-manager/settings.go:55.20,57.3 1 1
github.com/takattila/settings-manager/settings.go:63.55,66.2 2 1
